<?xml version="1.0" encoding="UTF-8"?>
<!-- Generated by org.testng.reporters.JUnitXMLReporter -->
<testsuite ignored="2" hostname="MSI" failures="0" tests="2" name="Grouping Test 2" time="0.009" errors="0" timestamp="2025-11-18T01:42:21 IST">
  <testcase classname="day29.GroupingTestNG" name="carrot" time="0.001"/>
  <testcase classname="day29.GroupingTestNG" name="drumstics" time="0.002"/>
  <testcase classname="day29.GroupingTestNG" name="methi" time="0.0">
    <ignored/>
  </testcase> <!-- methi -->
  <testcase classname="day29.GroupingTestNG" name="spinach" time="0.0">
    <ignored/>
  </testcase> <!-- spinach -->
</testsuite> <!-- Grouping Test 2 -->
