<?xml version="1.0" encoding="UTF-8"?>
<!-- Generated by org.testng.reporters.JUnitXMLReporter -->
<testsuite ignored="2" hostname="MSI" failures="0" tests="2" name="Grouping Test" time="0.092" errors="0" timestamp="2025-11-18T01:39:54 IST">
  <testcase classname="day29.GroupingTestNG" name="carrot" time="0.005"/>
  <testcase classname="day29.GroupingTestNG" name="drumstics" time="0.001"/>
  <testcase classname="day29.GroupingTestNG" name="spinach" time="0.0">
    <ignored/>
  </testcase> <!-- spinach -->
  <testcase classname="day29.GroupingTestNG" name="methi" time="0.0">
    <ignored/>
  </testcase> <!-- methi -->
</testsuite> <!-- Grouping Test -->
