<?xml version="1.0" encoding="UTF-8"?>
<!-- Generated by org.testng.reporters.JUnitXMLReporter -->
<testsuite ignored="0" hostname="MSI" failures="0" tests="4" name="Grouping Test 1" time="0.086" errors="0" timestamp="2025-11-18T01:42:20 IST">
  <testcase classname="day29.GroupingTestNG" name="carrot" time="0.007"/>
  <testcase classname="day29.GroupingTestNG" name="drumstics" time="0.001"/>
  <testcase classname="day29.GroupingTestNG" name="methi" time="0.001"/>
  <testcase classname="day29.GroupingTestNG" name="spinach" time="0.001"/>
</testsuite> <!-- Grouping Test 1 -->
