<?xml version="1.0" encoding="UTF-8"?>
<testng-results ignored="0" total="2" passed="2" failed="0" skipped="0">
  <reporter-output>
  </reporter-output>
  <suite started-at="2026-01-07T11:33:12 IST" name="Suite" finished-at="2026-01-07T11:33:23 IST" duration-ms="11077">
    <groups>
    </groups>
    <test started-at="2026-01-07T11:33:12 IST" name="ChromeTest" finished-at="2026-01-07T11:33:23 IST" duration-ms="10916">
      <class name="day29.ParallelTestcase">
        <test-method is-config="true" signature="setup(java.lang.String)[pri:0, instance:day29.ParallelTestcase@35dab4eb]" started-at="2026-01-07T11:33:12 IST" name="setup" finished-at="2026-01-07T11:33:19 IST" duration-ms="7152" status="PASS">
          <params>
            <param index="0">
              <value>
                <![CDATA[chrome]]>
              </value>
            </param>
          </params>
          <reporter-output>
          </reporter-output>
        </test-method> <!-- setup -->
        <test-method signature="testmethod()[pri:0, instance:day29.ParallelTestcase@35dab4eb]" started-at="2026-01-07T11:33:19 IST" name="testmethod" finished-at="2026-01-07T11:33:23 IST" duration-ms="3701" status="PASS">
          <reporter-output>
          </reporter-output>
        </test-method> <!-- testmethod -->
        <test-method is-config="true" signature="teardown()[pri:0, instance:day29.ParallelTestcase@35dab4eb]" started-at="2026-01-07T11:33:23 IST" name="teardown" finished-at="2026-01-07T11:33:23 IST" duration-ms="0" status="PASS">
          <reporter-output>
          </reporter-output>
        </test-method> <!-- teardown -->
      </class> <!-- day29.ParallelTestcase -->
    </test> <!-- ChromeTest -->
    <test started-at="2026-01-07T11:33:12 IST" name="EdgeTest" finished-at="2026-01-07T11:33:23 IST" duration-ms="11077">
      <class name="day29.ParallelTestcase">
        <test-method is-config="true" signature="setup(java.lang.String)[pri:0, instance:day29.ParallelTestcase@609e8838]" started-at="2026-01-07T11:33:12 IST" name="setup" finished-at="2026-01-07T11:33:22 IST" duration-ms="10042" status="PASS">
          <params>
            <param index="0">
              <value>
                <![CDATA[edge]]>
              </value>
            </param>
          </params>
          <reporter-output>
          </reporter-output>
        </test-method> <!-- setup -->
        <test-method signature="testmethod()[pri:0, instance:day29.ParallelTestcase@609e8838]" started-at="2026-01-07T11:33:22 IST" name="testmethod" finished-at="2026-01-07T11:33:23 IST" duration-ms="986" status="PASS">
          <reporter-output>
          </reporter-output>
        </test-method> <!-- testmethod -->
        <test-method is-config="true" signature="teardown()[pri:0, instance:day29.ParallelTestcase@609e8838]" started-at="2026-01-07T11:33:23 IST" name="teardown" finished-at="2026-01-07T11:33:23 IST" duration-ms="7" status="PASS">
          <reporter-output>
          </reporter-output>
        </test-method> <!-- teardown -->
      </class> <!-- day29.ParallelTestcase -->
    </test> <!-- EdgeTest -->
  </suite> <!-- Suite -->
</testng-results>
