<?xml version="1.0" encoding="UTF-8"?>
<!-- Generated by org.testng.reporters.JUnitReportReporter -->
<testsuite hostname="MSI" failures="0" tests="3" name="day29.TestcaseofTestng" time="0.012" errors="0" timestamp="2026-01-05T15:22:50 IST" skipped="0">
  <testcase classname="day29.TestcaseofTestng" name="openapp" time="0.009"/>
  <testcase classname="day29.TestcaseofTestng" name="login" time="0.001"/>
  <testcase classname="day29.TestcaseofTestng" name="logout" time="0.002"/>
</testsuite> <!-- day29.TestcaseofTestng -->
