<?xml version="1.0" encoding="UTF-8"?>
<!-- Generated by org.testng.reporters.JUnitReportReporter -->
<testsuite hostname="MSI" failures="0" tests="6" name="day29.GroupingTestNG" time="0.013" errors="0" timestamp="2025-11-18T01:42:21 IST" skipped="0">
  <testcase classname="day29.GroupingTestNG" name="carrot" time="0.001"/>
  <testcase classname="day29.GroupingTestNG" name="carrot" time="0.007"/>
  <testcase classname="day29.GroupingTestNG" name="drumstics" time="0.002"/>
  <testcase classname="day29.GroupingTestNG" name="spinach" time="0.001"/>
  <testcase classname="day29.GroupingTestNG" name="methi" time="0.001"/>
  <testcase classname="day29.GroupingTestNG" name="drumstics" time="0.001"/>
</testsuite> <!-- day29.GroupingTestNG -->
